INFO:root:

--Program Inititated at 2014-12-08 00:22:48.111710
INFO:root:Domain request chaff loaded from file
INFO:root:Direct message 'TeSt MeSsAgE' to be sent
INFO:root:Sending packet: 
   ID=21514 
   checksum=10 
   target=192.168.1.240 
	 domain request=www.groupon.com
INFO:root:Sending packet: 
   ID=25962 
   checksum=106 
   target=192.168.1.240 
	 domain request=www.blogspot.com
INFO:root:Sending packet: 
   ID=21373 
   checksum=125 
   target=192.168.1.240 
	 domain request=www.google.com
INFO:root:Sending packet: 
   ID=29754 
   checksum=58 
   target=192.168.1.240 
	 domain request=www.facebook.com
INFO:root:Sending packet: 
   ID=8442 
   checksum=250 
   target=192.168.1.240 
	 domain request=www.netflix.com
INFO:root:Sending packet: 
   ID=19966 
   checksum=254 
   target=192.168.1.240 
	 domain request=www.bestbuy.com
INFO:root:Sending packet: 
   ID=26089 
   checksum=233 
   target=192.168.1.240 
	 domain request=www.wordpress.com
INFO:root:Sending packet: 
   ID=21280 
   checksum=32 
   target=192.168.1.240 
	 domain request=www.yahoo.com
INFO:root:Sending packet: 
   ID=29444 
   checksum=4 
   target=192.168.1.240 
	 domain request=www.chase.com
INFO:root:Sending packet: 
   ID=16703 
   checksum=63 
   target=192.168.1.240 
	 domain request=www.cnn.com
INFO:root:Sending packet: 
   ID=26582 
   checksum=214 
   target=192.168.1.240 
	 domain request=www.go.com
INFO:root:Sending packet: 
   ID=17742 
   checksum=78 
   target=192.168.1.240 
	 domain request=www.linkedin.com
INFO:root:Direct message send complete
INFO:root:

--Program Inititated at 2014-12-08 00:23:58.409270
INFO:root:Domain request chaff loaded from file
INFO:root:Direct message 'TeSt MeSsAgE' to be sent
INFO:root:Sending packet: 
   ID=21718 
   checksum=214 
   target=192.168.1.240 
	 domain request=www.go.com
INFO:root:Sending packet: 
   ID=26110 
   checksum=254 
   target=192.168.1.240 
	 domain request=www.bestbuy.com
INFO:root:Sending packet: 
   ID=21372 
   checksum=124 
   target=192.168.1.240 
	 domain request=www.reddit.com
INFO:root:Sending packet: 
   ID=29706 
   checksum=10 
   target=192.168.1.240 
	 domain request=www.groupon.com
INFO:root:Sending packet: 
   ID=8348 
   checksum=156 
   target=192.168.1.240 
	 domain request=www.imdb.com
INFO:root:Sending packet: 
   ID=19751 
   checksum=39 
   target=192.168.1.240 
	 domain request=www.slickdeals.net
INFO:root:Sending packet: 
   ID=26070 
   checksum=214 
   target=192.168.1.240 
	 domain request=www.go.com
INFO:root:Sending packet: 
   ID=21502 
   checksum=254 
   target=192.168.1.240 
	 domain request=www.dropbox.com
INFO:root:Sending packet: 
   ID=29694 
   checksum=254 
   target=192.168.1.240 
	 domain request=www.dropbox.com
INFO:root:Sending packet: 
   ID=16765 
   checksum=125 
   target=192.168.1.240 
	 domain request=www.google.com
INFO:root:Sending packet: 
   ID=26493 
   checksum=125 
   target=192.168.1.240 
	 domain request=www.google.com
INFO:root:Sending packet: 
   ID=17691 
   checksum=27 
   target=192.168.1.240 
	 domain request=www.about.com
INFO:root:Direct message send complete
INFO:root:

--Program Inititated at 2014-12-08 00:24:33.447379
INFO:root:Domain request chaff loaded from file
INFO:root:Direct message ' TeSt MeSsAgE' to be sent
INFO:root:Sending packet: 
   ID=8250 
   checksum=58 
   target=192.168.1.240 
	 domain request=www.facebook.com
INFO:root:Sending packet: 
   ID=21664 
   checksum=160 
   target=192.168.1.240 
	 domain request=www.bing.com
INFO:root:Sending packet: 
   ID=25981 
   checksum=125 
   target=192.168.1.240 
	 domain request=www.google.com
INFO:root:Sending packet: 
   ID=21326 
   checksum=78 
   target=192.168.1.240 
	 domain request=www.msn.com
INFO:root:Sending packet: 
   ID=29857 
   checksum=161 
   target=192.168.1.240 
	 domain request=www.zillow.com
INFO:root:Sending packet: 
   ID=8316 
   checksum=124 
   target=192.168.1.240 
	 domain request=www.reddit.com
INFO:root:Sending packet: 
   ID=19934 
   checksum=222 
   target=192.168.1.240 
	 domain request=www.pinterest.com
INFO:root:Sending packet: 
   ID=26017 
   checksum=161 
   target=192.168.1.240 
	 domain request=www.ebay.com
INFO:root:Sending packet: 
   ID=21267 
   checksum=19 
   target=192.168.1.240 
	 domain request=www.twitter.com
INFO:root:Sending packet: 
   ID=29626 
   checksum=186 
   target=192.168.1.240 
	 domain request=www.yelp.com
INFO:root:Sending packet: 
   ID=16718 
   checksum=78 
   target=192.168.1.240 
	 domain request=www.linkedin.com
INFO:root:Sending packet: 
   ID=26597 
   checksum=229 
   target=192.168.1.240 
	 domain request=www.pandora.com
INFO:root:Sending packet: 
   ID=17726 
   checksum=62 
   target=192.168.1.240 
	 domain request=www.craigslist.org
INFO:root:Direct message send complete
INFO:root:

--Program Inititated at 2014-12-08 00:25:22.182217
INFO:root:Domain request chaff loaded from file
INFO:root:Direct message 'Ricky' to be sent
INFO:root:Sending packet: 
   ID=21240 
   checksum=248 
   target=192.168.1.240 
	 domain request=www.walmart.com
INFO:root:Sending packet: 
   ID=27094 
   checksum=214 
   target=192.168.1.240 
	 domain request=www.go.com
INFO:root:Sending packet: 
   ID=25505 
   checksum=161 
   target=192.168.1.240 
	 domain request=www.zillow.com
INFO:root:Sending packet: 
   ID=27450 
   checksum=58 
   target=192.168.1.240 
	 domain request=www.facebook.com
INFO:root:Sending packet: 
   ID=31174 
   checksum=198 
   target=192.168.1.240 
	 domain request=www.instagram.com
INFO:root:Direct message send complete
INFO:root:

--Program Inititated at 2014-12-08 00:25:36.360502
INFO:root:Domain request chaff loaded from file
INFO:root:Direct message ' Ricky' to be sent
INFO:root:Sending packet: 
   ID=8446 
   checksum=254 
   target=192.168.1.240 
	 domain request=www.huffingtonpost.com
INFO:root:Sending packet: 
   ID=21050 
   checksum=58 
   target=192.168.1.240 
	 domain request=www.ESPN.go.com
INFO:root:Sending packet: 
   ID=26940 
   checksum=60 
   target=192.168.1.240 
	 domain request=www.aol.com
INFO:root:Sending packet: 
   ID=25598 
   checksum=254 
   target=192.168.1.240 
	 domain request=www.bestbuy.com
INFO:root:Sending packet: 
   ID=27455 
   checksum=63 
   target=192.168.1.240 
	 domain request=www.cnn.com
INFO:root:Sending packet: 
   ID=31100 
   checksum=124 
   target=192.168.1.240 
	 domain request=www.reddit.com
INFO:root:Direct message send complete
INFO:root:

--Program Inititated at 2014-12-08 00:26:06.927255
INFO:root:Domain request chaff loaded from file
INFO:root:Direct message ' Ricky' to be sent
INFO:root:Sending packet: 
   ID=8252 
   checksum=60 
   target=192.168.1.240 
	 domain request=www.aol.com
INFO:root:Sending packet: 
   ID=21130 
   checksum=138 
   target=192.168.1.240 
	 domain request=www.stackoverflow.com
INFO:root:Sending packet: 
   ID=27072 
   checksum=192 
   target=192.168.1.240 
	 domain request=www.wikipedia.org
INFO:root:Sending packet: 
   ID=25407 
   checksum=63 
   target=192.168.1.240 
	 domain request=www.cnn.com
INFO:root:Sending packet: 
   ID=27530 
   checksum=138 
   target=192.168.1.240 
	 domain request=www.stackoverflow.com
INFO:root:Sending packet: 
   ID=31111 
   checksum=135 
   target=192.168.1.240 
	 domain request=www.target.com
INFO:root:Direct message send complete
INFO:root:

--Program Inititated at 2014-12-08 00:27:16.076282
INFO:root:Domain request chaff loaded from file
INFO:root:Direct message '12345678910' to be sent
INFO:root:Sending packet: 
   ID=12580 
   checksum=36 
   target=192.168.1.240 
	 domain request=www.imgur.com
INFO:root:Sending packet: 
   ID=12854 
   checksum=54 
   target=192.168.1.240 
	 domain request=www.wellsfargo.com
INFO:root:Sending packet: 
   ID=13065 
   checksum=9 
   target=192.168.1.240 
	 domain request=www.nytimes.com
INFO:root:Sending packet: 
   ID=13447 
   checksum=135 
   target=192.168.1.240 
	 domain request=www.paypal.com
INFO:root:Sending packet: 
   ID=13797 
   checksum=229 
   target=192.168.1.240 
	 domain request=www.pandora.com
INFO:root:Sending packet: 
   ID=14078 
   checksum=254 
   target=192.168.1.240 
	 domain request=www.dropbox.com
INFO:root:Sending packet: 
   ID=14334 
   checksum=254 
   target=192.168.1.240 
	 domain request=www.huffingtonpost.com
INFO:root:Sending packet: 
   ID=14372 
   checksum=36 
   target=192.168.1.240 
	 domain request=www.imgur.com
INFO:root:Sending packet: 
   ID=14659 
   checksum=67 
   target=192.168.1.240 
	 domain request=www.bankofamerica.com
INFO:root:Sending packet: 
   ID=12622 
   checksum=78 
   target=192.168.1.240 
	 domain request=www.linkedin.com
INFO:root:Sending packet: 
   ID=12423 
   checksum=135 
   target=192.168.1.240 
	 domain request=www.target.com
INFO:root:Direct message send complete
INFO:root:

--Program Inititated at 2014-12-08 00:28:20.604714
INFO:root:Domain request chaff loaded from file
INFO:root:Direct message '12345678910' to be sent
INFO:root:Sending packet: 
   ID=12639 
   checksum=95 
   target=192.168.1.240 
	 domain request=www.buzzfeed.com
INFO:root:Sending packet: 
   ID=12821 
   checksum=21 
   target=192.168.1.240 
	 domain request=www.wikia.com
INFO:root:Sending packet: 
   ID=13162 
   checksum=106 
   target=192.168.1.240 
	 domain request=www.blogspot.com
INFO:root:Sending packet: 
   ID=13437 
   checksum=125 
   target=192.168.1.240 
	 domain request=www.newegg.com
INFO:root:Sending packet: 
   ID=13589 
   checksum=21 
   target=192.168.1.240 
	 domain request=www.wikia.com
INFO:root:Sending packet: 
   ID=14074 
   checksum=250 
   target=192.168.1.240 
	 domain request=www.netflix.com
INFO:root:Sending packet: 
   ID=14098 
   checksum=18 
   target=192.168.1.240 
	 domain request=www.apple.com
INFO:root:Sending packet: 
   ID=14576 
   checksum=240 
   target=192.168.1.240 
	 domain request=www.weather.com
INFO:root:Sending packet: 
   ID=14655 
   checksum=63 
   target=192.168.1.240 
	 domain request=www.cnn.com
INFO:root:Sending packet: 
   ID=12720 
   checksum=176 
   target=192.168.1.240 
	 domain request=www.live.com
INFO:root:Sending packet: 
   ID=12383 
   checksum=95 
   target=192.168.1.240 
	 domain request=www.buzzfeed.com
INFO:root:Direct message send complete
INFO:root:

--Program Inititated at 2014-12-08 00:56:10.523759
INFO:root:Domain request chaff loaded from file
INFO:root:Direct message '12345678910' to be sent
INFO:root:Sending packet: 
   ID=12611 
   checksum=67 
   target=192.168.1.240 
	 domain request=www.bankofamerica.com
INFO:root:Sending packet: 
   ID=12821 
   checksum=21 
   target=192.168.1.240 
	 domain request=www.wikia.com
INFO:root:Sending packet: 
   ID=13114 
   checksum=58 
   target=192.168.1.240 
	 domain request=www.facebook.com
INFO:root:Sending packet: 
   ID=13526 
   checksum=214 
   target=192.168.1.240 
	 domain request=www.microsoft.com
INFO:root:Sending packet: 
   ID=13822 
   checksum=254 
   target=192.168.1.240 
	 domain request=www.bestbuy.com
INFO:root:Sending packet: 
   ID=13845 
   checksum=21 
   target=192.168.1.240 
	 domain request=www.wikia.com
INFO:root:Sending packet: 
   ID=14119 
   checksum=39 
   target=192.168.1.240 
	 domain request=www.slickdeals.net
INFO:root:Sending packet: 
   ID=14522 
   checksum=186 
   target=192.168.1.240 
	 domain request=www.yelp.com
INFO:root:Sending packet: 
   ID=14602 
   checksum=10 
   target=192.168.1.240 
	 domain request=www.groupon.com
INFO:root:Sending packet: 
   ID=12758 
   checksum=214 
   target=192.168.1.240 
	 domain request=www.microsoft.com
INFO:root:Sending packet: 
   ID=12528 
   checksum=240 
   target=192.168.1.240 
	 domain request=www.weather.com
INFO:root:Direct message send complete
INFO:root:

--Program Inititated at 2014-12-08 01:01:34.476200
INFO:root:Domain request chaff loaded from file
INFO:root:Direct message '12345678910' to be sent
INFO:root:Sending packet: 
   ID=12714 
   checksum=170 
   target=192.168.1.240 
	 domain request=www.cnet.com
INFO:root:Sending packet: 
   ID=12878 
   checksum=78 
   target=192.168.1.240 
	 domain request=www.linkedin.com
INFO:root:Sending packet: 
   ID=13232 
   checksum=176 
   target=192.168.1.240 
	 domain request=www.live.com
INFO:root:Sending packet: 
   ID=13509 
   checksum=197 
   target=192.168.1.240 
	 domain request=www.etsy.com
INFO:root:Sending packet: 
   ID=13586 
   checksum=18 
   target=192.168.1.240 
	 domain request=www.apple.com
INFO:root:Sending packet: 
   ID=13843 
   checksum=19 
   target=192.168.1.240 
	 domain request=www.twitter.com
INFO:root:Sending packet: 
   ID=14320 
   checksum=240 
   target=192.168.1.240 
	 domain request=www.weather.com
INFO:root:Sending packet: 
   ID=14357 
   checksum=21 
   target=192.168.1.240 
	 domain request=www.wikia.com
INFO:root:Sending packet: 
   ID=14613 
   checksum=21 
   target=192.168.1.240 
	 domain request=www.wikia.com
INFO:root:Sending packet: 
   ID=12704 
   checksum=160 
   target=192.168.1.240 
	 domain request=www.bing.com
INFO:root:Sending packet: 
   ID=12517 
   checksum=229 
   target=192.168.1.240 
	 domain request=www.pandora.com
INFO:root:Direct message send complete
INFO:root:

--Program Inititated at 2014-12-08 01:02:09.735791
INFO:root:Domain request chaff loaded from file
INFO:root:Direct message '12345678910' to be sent
INFO:root:Sending packet: 
   ID=12565 
   checksum=21 
   target=192.168.1.240 
	 domain request=www.wikia.com
INFO:root:Sending packet: 
   ID=12810 
   checksum=10 
   target=192.168.1.240 
	 domain request=www.foxnews.com
INFO:root:Sending packet: 
   ID=13232 
   checksum=176 
   target=192.168.1.240 
	 domain request=www.live.com
INFO:root:Sending packet: 
   ID=13566 
   checksum=254 
   target=192.168.1.240 
	 domain request=www.bestbuy.com
INFO:root:Sending packet: 
   ID=13586 
   checksum=18 
   target=192.168.1.240 
	 domain request=www.apple.com
INFO:root:Sending packet: 
   ID=13882 
   checksum=58 
   target=192.168.1.240 
	 domain request=www.facebook.com
INFO:root:Sending packet: 
   ID=14309 
   checksum=229 
   target=192.168.1.240 
	 domain request=www.pandora.com
INFO:root:Sending packet: 
   ID=14372 
   checksum=36 
   target=192.168.1.240 
	 domain request=www.imgur.com
INFO:root:Sending packet: 
   ID=14821 
   checksum=229 
   target=192.168.1.240 
	 domain request=www.pandora.com
INFO:root:Sending packet: 
   ID=12553 
   checksum=9 
   target=192.168.1.240 
	 domain request=www.nytimes.com
INFO:root:Sending packet: 
   ID=12346 
   checksum=58 
   target=192.168.1.240 
	 domain request=www.ESPN.go.com
INFO:root:Direct message send complete
INFO:root:

--Program Inititated at 2014-12-08 01:02:12.106353
INFO:root:Domain request chaff loaded from file
INFO:root:Direct message '12345678910' to be sent
INFO:root:Sending packet: 
   ID=12705 
   checksum=161 
   target=192.168.1.240 
	 domain request=www.ebay.com
INFO:root:Sending packet: 
   ID=12961 
   checksum=161 
   target=192.168.1.240 
	 domain request=www.zillow.com
INFO:root:Sending packet: 
   ID=13095 
   checksum=39 
   target=192.168.1.240 
	 domain request=www.slickdeals.net
INFO:root:Sending packet: 
   ID=13348 
   checksum=36 
   target=192.168.1.240 
	 domain request=www.imgur.com
INFO:root:Sending packet: 
   ID=13587 
   checksum=19 
   target=192.168.1.240 
	 domain request=www.twitter.com
INFO:root:Sending packet: 
   ID=13863 
   checksum=39 
   target=192.168.1.240 
	 domain request=www.slickdeals.net
INFO:root:Sending packet: 
   ID=14134 
   checksum=54 
   target=192.168.1.240 
	 domain request=www.wellsfargo.com
INFO:root:Sending packet: 
   ID=14461 
   checksum=125 
   target=192.168.1.240 
	 domain request=www.google.com
INFO:root:Sending packet: 
   ID=14840 
   checksum=248 
   target=192.168.1.240 
	 domain request=www.walmart.com
INFO:root:Sending packet: 
   ID=12554 
   checksum=10 
   target=192.168.1.240 
	 domain request=www.groupon.com
INFO:root:Sending packet: 
   ID=12422 
   checksum=134 
   target=192.168.1.240 
	 domain request=www.amazon.com
INFO:root:Direct message send complete
INFO:root:

--Program Inititated at 2014-12-08 01:02:15.494709
INFO:root:Domain request chaff loaded from file
INFO:root:Direct message '12345678910' to be sent
INFO:root:Sending packet: 
   ID=12678 
   checksum=134 
   target=192.168.1.240 
	 domain request=www.amazon.com
INFO:root:Sending packet: 
   ID=12934 
   checksum=134 
   target=192.168.1.240 
	 domain request=www.amazon.com
INFO:root:Sending packet: 
   ID=13191 
   checksum=135 
   target=192.168.1.240 
	 domain request=www.paypal.com
INFO:root:Sending packet: 
   ID=13450 
   checksum=138 
   target=192.168.1.240 
	 domain request=www.stackoverflow.com
INFO:root:Sending packet: 
   ID=13738 
   checksum=170 
   target=192.168.1.240 
	 domain request=www.cnet.com
INFO:root:Sending packet: 
   ID=13959 
   checksum=135 
   target=192.168.1.240 
	 domain request=www.paypal.com
INFO:root:Sending packet: 
   ID=14140 
   checksum=60 
   target=192.168.1.240 
	 domain request=www.aol.com
INFO:root:Sending packet: 
   ID=14565 
   checksum=229 
   target=192.168.1.240 
	 domain request=www.pandora.com
INFO:root:Sending packet: 
   ID=14652 
   checksum=60 
   target=192.168.1.240 
	 domain request=www.aol.com
INFO:root:Sending packet: 
   ID=12669 
   checksum=125 
   target=192.168.1.240 
	 domain request=www.newegg.com
INFO:root:Sending packet: 
   ID=12542 
   checksum=254 
   target=192.168.1.240 
	 domain request=www.huffingtonpost.com
INFO:root:Direct message send complete
INFO:root:

--Program Inititated at 2014-12-08 01:02:17.560987
INFO:root:Domain request chaff loaded from file
INFO:root:Direct message '12345678910' to be sent
INFO:root:Sending packet: 
   ID=12650 
   checksum=106 
   target=192.168.1.240 
	 domain request=www.blogspot.com
INFO:root:Sending packet: 
   ID=13014 
   checksum=214 
   target=192.168.1.240 
	 domain request=www.microsoft.com
INFO:root:Sending packet: 
   ID=13191 
   checksum=135 
   target=192.168.1.240 
	 domain request=www.paypal.com
INFO:root:Sending packet: 
   ID=13330 
   checksum=18 
   target=192.168.1.240 
	 domain request=www.apple.com
INFO:root:Sending packet: 
   ID=13630 
   checksum=62 
   target=192.168.1.240 
	 domain request=www.craigslist.org
INFO:root:Sending packet: 
   ID=13891 
   checksum=67 
   target=192.168.1.240 
	 domain request=www.bankofamerica.com
INFO:root:Sending packet: 
   ID=14236 
   checksum=156 
   target=192.168.1.240 
	 domain request=www.imdb.com
INFO:root:Sending packet: 
   ID=14496 
   checksum=160 
   target=192.168.1.240 
	 domain request=www.bing.com
INFO:root:Sending packet: 
   ID=14742 
   checksum=150 
   target=192.168.1.240 
	 domain request=www.tumblr.com
INFO:root:Sending packet: 
   ID=12622 
   checksum=78 
   target=192.168.1.240 
	 domain request=www.linkedin.com
INFO:root:Sending packet: 
   ID=12502 
   checksum=214 
   target=192.168.1.240 
	 domain request=www.microsoft.com
INFO:root:Direct message send complete
INFO:root:

--Program Inititated at 2014-12-08 01:02:19.991919
INFO:root:Domain request chaff loaded from file
INFO:root:Direct message '12345678910' to be sent
INFO:root:Sending packet: 
   ID=12777 
   checksum=233 
   target=192.168.1.240 
	 domain request=www.wordpress.com
INFO:root:Sending packet: 
   ID=13022 
   checksum=222 
   target=192.168.1.240 
	 domain request=www.pinterest.com
INFO:root:Sending packet: 
   ID=13066 
   checksum=10 
   target=192.168.1.240 
	 domain request=www.foxnews.com
INFO:root:Sending packet: 
   ID=13526 
   checksum=214 
   target=192.168.1.240 
	 domain request=www.go.com
INFO:root:Sending packet: 
   ID=13797 
   checksum=229 
   target=192.168.1.240 
	 domain request=www.pandora.com
INFO:root:Sending packet: 
   ID=13985 
   checksum=161 
   target=192.168.1.240 
	 domain request=www.ebay.com
INFO:root:Sending packet: 
   ID=14215 
   checksum=135 
   target=192.168.1.240 
	 domain request=www.paypal.com
INFO:root:Sending packet: 
   ID=14396 
   checksum=60 
   target=192.168.1.240 
	 domain request=www.aol.com
INFO:root:Sending packet: 
   ID=14768 
   checksum=176 
   target=192.168.1.240 
	 domain request=www.live.com
INFO:root:Sending packet: 
   ID=12798 
   checksum=254 
   target=192.168.1.240 
	 domain request=www.bestbuy.com
INFO:root:Sending packet: 
   ID=12438 
   checksum=150 
   target=192.168.1.240 
	 domain request=www.tumblr.com
INFO:root:Direct message send complete
INFO:root:

--Program Inititated at 2014-12-08 01:02:22.055754
INFO:root:Domain request chaff loaded from file
INFO:root:Direct message '12345678910' to be sent
INFO:root:Sending packet: 
   ID=12571 
   checksum=27 
   target=192.168.1.240 
	 domain request=www.about.com
INFO:root:Sending packet: 
   ID=13050 
   checksum=250 
   target=192.168.1.240 
	 domain request=www.netflix.com
INFO:root:Sending packet: 
   ID=13180 
   checksum=124 
   target=192.168.1.240 
	 domain request=www.reddit.com
INFO:root:Sending packet: 
   ID=13447 
   checksum=135 
   target=192.168.1.240 
	 domain request=www.paypal.com
INFO:root:Sending packet: 
   ID=13808 
   checksum=240 
   target=192.168.1.240 
	 domain request=www.weather.com
INFO:root:Sending packet: 
   ID=14064 
   checksum=240 
   target=192.168.1.240 
	 domain request=www.weather.com
INFO:root:Sending packet: 
   ID=14098 
   checksum=18 
   target=192.168.1.240 
	 domain request=www.apple.com
INFO:root:Sending packet: 
   ID=14461 
   checksum=125 
   target=192.168.1.240 
	 domain request=www.newegg.com
INFO:root:Sending packet: 
   ID=14659 
   checksum=67 
   target=192.168.1.240 
	 domain request=www.bankofamerica.com
INFO:root:Sending packet: 
   ID=12669 
   checksum=125 
   target=192.168.1.240 
	 domain request=www.newegg.com
INFO:root:Sending packet: 
   ID=12350 
   checksum=62 
   target=192.168.1.240 
	 domain request=www.craigslist.org
INFO:root:Direct message send complete
INFO:root:

--Program Inititated at 2014-12-08 01:02:25.693014
INFO:root:Domain request chaff loaded from file
INFO:root:Direct message '12345678910' to be sent
INFO:root:Sending packet: 
   ID=12741 
   checksum=197 
   target=192.168.1.240 
	 domain request=www.etsy.com
INFO:root:Sending packet: 
   ID=13033 
   checksum=233 
   target=192.168.1.240 
	 domain request=www.wordpress.com
INFO:root:Sending packet: 
   ID=13134 
   checksum=78 
   target=192.168.1.240 
	 domain request=www.linkedin.com
INFO:root:Sending packet: 
   ID=13552 
   checksum=240 
   target=192.168.1.240 
	 domain request=www.weather.com
INFO:root:Sending packet: 
   ID=13577 
   checksum=9 
   target=192.168.1.240 
	 domain request=www.nytimes.com
INFO:root:Sending packet: 
   ID=13984 
   checksum=160 
   target=192.168.1.240 
	 domain request=www.bing.com
INFO:root:Sending packet: 
   ID=14313 
   checksum=233 
   target=192.168.1.240 
	 domain request=www.wordpress.com
INFO:root:Sending packet: 
   ID=14492 
   checksum=156 
   target=192.168.1.240 
	 domain request=www.imdb.com
INFO:root:Sending packet: 
   ID=14628 
   checksum=36 
   target=192.168.1.240 
	 domain request=www.imgur.com
INFO:root:Sending packet: 
   ID=12554 
   checksum=10 
   target=192.168.1.240 
	 domain request=www.groupon.com
INFO:root:Sending packet: 
   ID=12412 
   checksum=124 
   target=192.168.1.240 
	 domain request=www.reddit.com
INFO:root:Direct message send complete
